<?xml version="1.0" encoding="UTF-8"?>
<testsuite name="world.ucode.cashflow.CashflowApplicationTests" tests="1" skipped="0" failures="0" errors="0" timestamp="2021-02-28T21:38:38" hostname="MacBook-Air-Andrej.local" time="0.343">
  <properties/>
  <testcase name="contextLoads()" classname="world.ucode.cashflow.CashflowApplicationTests" time="0.343"/>
  <system-out><![CDATA[23:38:36.309 [Test worker] DEBUG org.springframework.test.context.BootstrapUtils - Instantiating CacheAwareContextLoaderDelegate from class [org.springframework.test.context.cache.DefaultCacheAwareContextLoaderDelegate]
23:38:36.324 [Test worker] DEBUG org.springframework.test.context.BootstrapUtils - Instantiating BootstrapContext using constructor [public org.springframework.test.context.support.DefaultBootstrapContext(java.lang.Class,org.springframework.test.context.CacheAwareContextLoaderDelegate)]
23:38:36.375 [Test worker] DEBUG org.springframework.test.context.BootstrapUtils - Instantiating TestContextBootstrapper for test class [world.ucode.cashflow.CashflowApplicationTests] from class [org.springframework.boot.test.context.SpringBootTestContextBootstrapper]
23:38:36.387 [Test worker] INFO org.springframework.boot.test.context.SpringBootTestContextBootstrapper - Neither @ContextConfiguration nor @ContextHierarchy found for test class [world.ucode.cashflow.CashflowApplicationTests], using SpringBootContextLoader
23:38:36.391 [Test worker] DEBUG org.springframework.test.context.support.AbstractContextLoader - Did not detect default resource location for test class [world.ucode.cashflow.CashflowApplicationTests]: class path resource [world/ucode/cashflow/CashflowApplicationTests-context.xml] does not exist
23:38:36.393 [Test worker] DEBUG org.springframework.test.context.support.AbstractContextLoader - Did not detect default resource location for test class [world.ucode.cashflow.CashflowApplicationTests]: class path resource [world/ucode/cashflow/CashflowApplicationTestsContext.groovy] does not exist
23:38:36.394 [Test worker] INFO org.springframework.test.context.support.AbstractContextLoader - Could not detect default resource locations for test class [world.ucode.cashflow.CashflowApplicationTests]: no resource found for suffixes {-context.xml, Context.groovy}.
23:38:36.395 [Test worker] INFO org.springframework.test.context.support.AnnotationConfigContextLoaderUtils - Could not detect default configuration classes for test class [world.ucode.cashflow.CashflowApplicationTests]: CashflowApplicationTests does not declare any static, non-private, non-final, nested classes annotated with @Configuration.
23:38:36.437 [Test worker] DEBUG org.springframework.test.context.support.ActiveProfilesUtils - Could not find an 'annotation declaring class' for annotation type [org.springframework.test.context.ActiveProfiles] and class [world.ucode.cashflow.CashflowApplicationTests]
23:38:36.499 [Test worker] DEBUG org.springframework.context.annotation.ClassPathScanningCandidateComponentProvider - Identified candidate component class: file [/Users/asydoruk/Desktop/cashflow/java/build/classes/java/main/world/ucode/cashflow/CashflowApplication.class]
23:38:36.516 [Test worker] INFO org.springframework.boot.test.context.SpringBootTestContextBootstrapper - Found @SpringBootConfiguration world.ucode.cashflow.CashflowApplication for test class world.ucode.cashflow.CashflowApplicationTests
23:38:36.633 [Test worker] DEBUG org.springframework.boot.test.context.SpringBootTestContextBootstrapper - @TestExecutionListeners is not present for class [world.ucode.cashflow.CashflowApplicationTests]: using defaults.
23:38:36.634 [Test worker] INFO org.springframework.boot.test.context.SpringBootTestContextBootstrapper - Loaded default TestExecutionListener class names from location [META-INF/spring.factories]: [org.springframework.security.test.context.support.WithSecurityContextTestExecutionListener, org.springframework.security.test.context.support.ReactorContextTestExecutionListener, org.springframework.boot.test.autoconfigure.restdocs.RestDocsTestExecutionListener, org.springframework.boot.test.autoconfigure.web.client.MockRestServiceServerResetTestExecutionListener, org.springframework.boot.test.autoconfigure.web.servlet.MockMvcPrintOnlyOnFailureTestExecutionListener, org.springframework.boot.test.autoconfigure.web.servlet.WebDriverTestExecutionListener, org.springframework.boot.test.autoconfigure.webservices.client.MockWebServiceServerTestExecutionListener, org.springframework.boot.test.mock.mockito.MockitoTestExecutionListener, org.springframework.boot.test.mock.mockito.ResetMocksTestExecutionListener, org.springframework.test.context.web.ServletTestExecutionListener, org.springframework.test.context.support.DirtiesContextBeforeModesTestExecutionListener, org.springframework.test.context.event.ApplicationEventsTestExecutionListener, org.springframework.test.context.support.DependencyInjectionTestExecutionListener, org.springframework.test.context.support.DirtiesContextTestExecutionListener, org.springframework.test.context.transaction.TransactionalTestExecutionListener, org.springframework.test.context.jdbc.SqlScriptsTestExecutionListener, org.springframework.test.context.event.EventPublishingTestExecutionListener]
23:38:36.651 [Test worker] DEBUG org.springframework.boot.test.context.SpringBootTestContextBootstrapper - Skipping candidate TestExecutionListener [org.springframework.test.context.transaction.TransactionalTestExecutionListener] due to a missing dependency. Specify custom listener classes or make the default listener classes and their required dependencies available. Offending class: [org/springframework/transaction/interceptor/TransactionAttributeSource]
23:38:36.652 [Test worker] DEBUG org.springframework.boot.test.context.SpringBootTestContextBootstrapper - Skipping candidate TestExecutionListener [org.springframework.test.context.jdbc.SqlScriptsTestExecutionListener] due to a missing dependency. Specify custom listener classes or make the default listener classes and their required dependencies available. Offending class: [org/springframework/transaction/interceptor/TransactionAttribute]
23:38:36.653 [Test worker] INFO org.springframework.boot.test.context.SpringBootTestContextBootstrapper - Using TestExecutionListeners: [org.springframework.test.context.web.ServletTestExecutionListener@6504103f, org.springframework.test.context.support.DirtiesContextBeforeModesTestExecutionListener@724567c1, org.springframework.test.context.event.ApplicationEventsTestExecutionListener@15fc67c1, org.springframework.boot.test.mock.mockito.MockitoTestExecutionListener@1b4e0ab0, org.springframework.boot.test.autoconfigure.SpringBootDependencyInjectionTestExecutionListener@5e0e740e, org.springframework.test.context.support.DirtiesContextTestExecutionListener@7ac6b61, org.springframework.security.test.context.support.WithSecurityContextTestExecutionListener@7118d63a, org.springframework.test.context.event.EventPublishingTestExecutionListener@1ae85923, org.springframework.security.test.context.support.ReactorContextTestExecutionListener@376bf074, org.springframework.boot.test.autoconfigure.restdocs.RestDocsTestExecutionListener@5378629b, org.springframework.boot.test.autoconfigure.web.client.MockRestServiceServerResetTestExecutionListener@64e6d7c8, org.springframework.boot.test.autoconfigure.web.servlet.MockMvcPrintOnlyOnFailureTestExecutionListener@3c9fab36, org.springframework.boot.test.autoconfigure.web.servlet.WebDriverTestExecutionListener@541f0481, org.springframework.boot.test.autoconfigure.webservices.client.MockWebServiceServerTestExecutionListener@4463c823, org.springframework.boot.test.mock.mockito.ResetMocksTestExecutionListener@16e91ff0]
23:38:36.659 [Test worker] DEBUG org.springframework.test.context.support.AbstractDirtiesContextTestExecutionListener - Before test class: context [DefaultTestContext@1b7d770a testClass = CashflowApplicationTests, testInstance = [null], testMethod = [null], testException = [null], mergedContextConfiguration = [WebMergedContextConfiguration@28c34bf0 testClass = CashflowApplicationTests, locations = '{}', classes = '{class world.ucode.cashflow.CashflowApplication}', contextInitializerClasses = '[]', activeProfiles = '{}', propertySourceLocations = '{}', propertySourceProperties = '{org.springframework.boot.test.context.SpringBootTestContextBootstrapper=true}', contextCustomizers = set[org.springframework.boot.test.autoconfigure.actuate.metrics.MetricsExportContextCustomizerFactory$DisableMetricExportContextCustomizer@79773d03, org.springframework.boot.test.autoconfigure.properties.PropertyMappingContextCustomizer@0, org.springframework.boot.test.autoconfigure.web.servlet.WebDriverContextCustomizerFactory$Customizer@1a92aa94, org.springframework.boot.test.context.filter.ExcludeFilterContextCustomizer@6b6a8a95, org.springframework.boot.test.json.DuplicateJsonObjectContextCustomizerFactory$DuplicateJsonObjectContextCustomizer@acf6694, org.springframework.boot.test.mock.mockito.MockitoContextCustomizer@0, org.springframework.boot.test.web.client.TestRestTemplateContextCustomizer@12ff9fc1, org.springframework.boot.test.context.SpringBootTestArgs@1, org.springframework.boot.test.context.SpringBootTestWebEnvironment@31685bbc], resourceBasePath = 'src/main/webapp', contextLoader = 'org.springframework.boot.test.context.SpringBootContextLoader', parent = [null]], attributes = map['org.springframework.test.context.web.ServletTestExecutionListener.activateListener' -> true]], class annotated with @DirtiesContext [false] with mode [null].
23:38:36.709 [Test worker] DEBUG org.springframework.test.context.support.TestPropertySourceUtils - Adding inlined properties to environment: {spring.jmx.enabled=false, org.springframework.boot.test.context.SpringBootTestContextBootstrapper=true}

  .   ____          _            __ _ _
 /\\ / ___'_ __ _ _(_)_ __  __ _ \ \ \ \
( ( )\___ | '_ | '_| | '_ \/ _` | \ \ \ \
 \\/  ___)| |_)| | | | | || (_| |  ) ) ) )
  '  |____| .__|_| |_|_| |_\__, | / / / /
 =========|_|==============|___/=/_/_/_/
 :: Spring Boot ::                (v2.4.2)

2021-02-28 23:38:37.247  INFO 27760 --- [    Test worker] w.u.cashflow.CashflowApplicationTests    : Starting CashflowApplicationTests using Java 15 on MacBook-Air-Andrej.local with PID 27760 (started by asydoruk in /Users/asydoruk/Desktop/cashflow/java)
2021-02-28 23:38:37.251  INFO 27760 --- [    Test worker] w.u.cashflow.CashflowApplicationTests    : No active profile set, falling back to default profiles: default
2021-02-28 23:38:38.416  INFO 27760 --- [    Test worker] o.s.s.concurrent.ThreadPoolTaskExecutor  : Initializing ExecutorService 'applicationTaskExecutor'
2021-02-28 23:38:38.724  INFO 27760 --- [    Test worker] .s.s.UserDetailsServiceAutoConfiguration : 

Using generated security password: ad8598be-3940-4470-837f-7015f2408405

2021-02-28 23:38:38.889  INFO 27760 --- [    Test worker] o.s.s.web.DefaultSecurityFilterChain     : Will secure any request with [org.springframework.security.web.context.request.async.WebAsyncManagerIntegrationFilter@4dee5da3, org.springframework.security.web.context.SecurityContextPersistenceFilter@65ecb213, org.springframework.security.web.header.HeaderWriterFilter@2af15a4e, org.springframework.security.web.csrf.CsrfFilter@71b09b54, org.springframework.security.web.authentication.logout.LogoutFilter@7a79a560, org.springframework.security.web.authentication.UsernamePasswordAuthenticationFilter@41dcc905, org.springframework.security.web.authentication.ui.DefaultLoginPageGeneratingFilter@f621d7e, org.springframework.security.web.authentication.ui.DefaultLogoutPageGeneratingFilter@ea9eaca, org.springframework.security.web.authentication.www.BasicAuthenticationFilter@555f8e7, org.springframework.security.web.savedrequest.RequestCacheAwareFilter@7f2c10e3, org.springframework.security.web.servletapi.SecurityContextHolderAwareRequestFilter@61e37b29, org.springframework.security.web.authentication.AnonymousAuthenticationFilter@2411a938, org.springframework.security.web.session.SessionManagementFilter@76d737a1, org.springframework.security.web.access.ExceptionTranslationFilter@59e3673, org.springframework.security.web.access.intercept.FilterSecurityInterceptor@9accf60]
2021-02-28 23:38:38.970  INFO 27760 --- [    Test worker] w.u.cashflow.CashflowApplicationTests    : Started CashflowApplicationTests in 2.253 seconds (JVM running for 3.493)
]]></system-out>
  <system-err><![CDATA[]]></system-err>
</testsuite>
